[2026-03-22T07:11:49.032160] === Embassy Monitor Check ===
[2026-03-22T07:11:49.044070] ❌ Embassy branch not found in ai-with-heart
[2026-03-22T07:11:50.810158] Fetch result: From https://github.com/waiting-to-sprout/ai-with-heart
 * [new branch]      ai-nation-local -> origin/ai-nation-local
 * [new branch]      embassy         -> origin/embassy
[2026-03-22T07:11:50.810395] ✓ Check completed at 2026-03-22T07:11:49.032323
[2026-03-22T07:11:50.810427] 状态已保存，等待下一次检查...
[2026-03-22T08:12:55.839863] === Embassy Monitor Check ===
[2026-03-22T08:12:55.846301] ✅ Embassy branch exists: remotes/origin/embassy
[2026-03-22T08:12:57.071667] Fetch result: From https://github.com/waiting-to-sprout/ai-with-heart
   c067271..c20574b  ai-nation-local -> origin/ai-nation-local
[2026-03-22T08:12:57.071935] ✓ Check completed at 2026-03-22T08:12:55.840023
[2026-03-22T08:12:57.071975] 状态已保存，等待下一次检查...
[2026-03-22T09:11:54.532388] === Embassy Monitor Check ===
[2026-03-22T09:11:54.538547] ✅ Embassy branch exists: remotes/origin/embassy
[2026-03-22T09:11:55.399660] ✓ Check completed at 2026-03-22T09:11:54.532538
[2026-03-22T09:11:55.399712] 状态已保存，等待下一次检查...
[2026-03-22T10:11:53.942100] === Embassy Monitor Check ===
[2026-03-22T10:11:53.948048] ✅ Embassy branch exists: remotes/origin/embassy
[2026-03-22T10:11:54.842773] ✓ Check completed at 2026-03-22T10:11:53.942245
[2026-03-22T10:11:54.842827] 状态已保存，等待下一次检查...
[2026-03-22T11:11:56.368914] === Embassy Monitor Check ===
[2026-03-22T11:11:56.374795] ✅ Embassy branch exists: remotes/origin/embassy
[2026-03-22T11:11:57.277541] ✓ Check completed at 2026-03-22T11:11:56.369055
[2026-03-22T11:11:57.277592] 状态已保存，等待下一次检查...
[2026-03-22T12:11:55.396147] === Embassy Monitor Check ===
[2026-03-22T12:11:55.402084] ✅ Embassy branch exists: remotes/origin/embassy
[2026-03-22T12:11:56.339302] ✓ Check completed at 2026-03-22T12:11:55.396303
[2026-03-22T12:11:56.339354] 状态已保存，等待下一次检查...
[2026-03-22T13:11:54.338751] === Embassy Monitor Check ===
[2026-03-22T13:11:54.345138] ✅ Embassy branch exists: remotes/origin/embassy
[2026-03-22T13:11:55.205503] ✓ Check completed at 2026-03-22T13:11:54.338905
[2026-03-22T13:11:55.205556] 状态已保存，等待下一次检查...
[2026-03-22T14:11:54.294574] === Embassy Monitor Check ===
[2026-03-22T14:11:54.300916] ✅ Embassy branch exists: remotes/origin/embassy
[2026-03-22T14:11:55.201701] ✓ Check completed at 2026-03-22T14:11:54.294744
[2026-03-22T14:11:55.201767] 状态已保存，等待下一次检查...
[2026-03-22T15:11:55.245389] === Embassy Monitor Check ===
[2026-03-22T15:11:55.251392] ✅ Embassy branch exists: remotes/origin/embassy
[2026-03-22T15:11:56.227790] ✓ Check completed at 2026-03-22T15:11:55.245538
[2026-03-22T15:11:56.227845] 状态已保存，等待下一次检查...
[2026-03-22T16:11:53.935684] === Embassy Monitor Check ===
[2026-03-22T16:11:53.941614] ✅ Embassy branch exists: remotes/origin/embassy
[2026-03-22T16:11:54.880139] ✓ Check completed at 2026-03-22T16:11:53.935831
[2026-03-22T16:11:54.880194] 状态已保存，等待下一次检查...
[2026-03-22T17:11:56.640108] === Embassy Monitor Check ===
[2026-03-22T17:11:56.646058] ✅ Embassy branch exists: remotes/origin/embassy
[2026-03-22T17:11:57.532106] ✓ Check completed at 2026-03-22T17:11:56.640254
[2026-03-22T17:11:57.532160] 状态已保存，等待下一次检查...
[2026-03-22T18:11:54.595029] === Embassy Monitor Check ===
[2026-03-22T18:11:54.601038] ✅ Embassy branch exists: remotes/origin/embassy
[2026-03-22T18:11:55.503987] ✓ Check completed at 2026-03-22T18:11:54.595179
[2026-03-22T18:11:55.504042] 状态已保存，等待下一次检查...
[2026-03-22T19:11:54.251460] === Embassy Monitor Check ===
[2026-03-22T19:11:54.257906] ✅ Embassy branch exists: remotes/origin/embassy
[2026-03-22T19:11:55.157621] ✓ Check completed at 2026-03-22T19:11:54.251602
[2026-03-22T19:11:55.157696] 状态已保存，等待下一次检查...
[2026-03-22T20:11:54.392260] === Embassy Monitor Check ===
[2026-03-22T20:11:54.403738] ✅ Embassy branch exists: remotes/origin/embassy
[2026-03-22T20:11:55.635335] Fetch result: From https://github.com/waiting-to-sprout/ai-with-heart
   c20574b..4017dcd  ai-nation-local -> origin/ai-nation-local
[2026-03-22T20:11:55.635602] ✓ Check completed at 2026-03-22T20:11:54.394451
[2026-03-22T20:11:55.635640] 状态已保存，等待下一次检查...
[2026-03-22T21:11:56.777567] === Embassy Monitor Check ===
[2026-03-22T21:11:56.783714] ✅ Embassy branch exists: remotes/origin/embassy
[2026-03-22T21:11:57.787251] ✓ Check completed at 2026-03-22T21:11:56.777718
[2026-03-22T21:11:57.787306] 状态已保存，等待下一次检查...
[2026-03-22T22:11:54.961006] === Embassy Monitor Check ===
[2026-03-22T22:11:54.966960] ✅ Embassy branch exists: remotes/origin/embassy
[2026-03-22T22:11:55.852546] ✓ Check completed at 2026-03-22T22:11:54.961157
[2026-03-22T22:11:55.852631] 状态已保存，等待下一次检查...
[2026-03-22T23:11:53.992150] === Embassy Monitor Check ===
[2026-03-22T23:11:53.997970] ✅ Embassy branch exists: remotes/origin/embassy
[2026-03-22T23:11:54.902868] ✓ Check completed at 2026-03-22T23:11:53.992301
[2026-03-22T23:11:54.902921] 状态已保存，等待下一次检查...
[2026-03-23T00:11:56.280915] === Embassy Monitor Check ===
[2026-03-23T00:11:56.286848] ✅ Embassy branch exists: remotes/origin/embassy
[2026-03-23T00:11:57.176183] ✓ Check completed at 2026-03-23T00:11:56.281072
[2026-03-23T00:11:57.176235] 状态已保存，等待下一次检查...
[2026-03-23T01:11:56.073072] === Embassy Monitor Check ===
[2026-03-23T01:11:56.079032] ✅ Embassy branch exists: remotes/origin/embassy
[2026-03-23T01:11:56.955560] ✓ Check completed at 2026-03-23T01:11:56.073214
[2026-03-23T01:11:56.955615] 状态已保存，等待下一次检查...
[2026-03-23T02:12:49.258057] === Embassy Monitor Check ===
[2026-03-23T02:12:49.264025] ✅ Embassy branch exists: remotes/origin/embassy
[2026-03-23T02:12:50.155086] ✓ Check completed at 2026-03-23T02:12:49.258210
[2026-03-23T02:12:50.155141] 状态已保存，等待下一次检查...
[2026-03-23T03:11:54.284954] === Embassy Monitor Check ===
[2026-03-23T03:11:54.290950] ✅ Embassy branch exists: remotes/origin/embassy
[2026-03-23T03:11:58.822564] Fetch result: From https://github.com/waiting-to-sprout/ai-with-heart
 * [new branch]      master     -> origin/master
[2026-03-23T03:11:58.822861] ✓ Check completed at 2026-03-23T03:11:54.285103
[2026-03-23T03:11:58.822908] 状态已保存，等待下一次检查...
[2026-03-23T04:11:54.452042] === Embassy Monitor Check ===
[2026-03-23T04:11:54.458115] ✅ Embassy branch exists: remotes/origin/embassy
[2026-03-23T04:11:55.347359] ✓ Check completed at 2026-03-23T04:11:54.452199
[2026-03-23T04:11:55.347411] 状态已保存，等待下一次检查...
[2026-03-23T05:11:56.352724] === Embassy Monitor Check ===
[2026-03-23T05:11:56.358694] ✅ Embassy branch exists: remotes/origin/embassy
[2026-03-23T05:11:57.551946] Fetch result: From https://github.com/waiting-to-sprout/ai-with-heart
   d597b25..543e227  master     -> origin/master
[2026-03-23T05:11:57.552231] ✓ Check completed at 2026-03-23T05:11:56.352877
[2026-03-23T05:11:57.552274] 状态已保存，等待下一次检查...
[2026-03-23T06:11:54.544224] === Embassy Monitor Check ===
[2026-03-23T06:11:54.550243] ✅ Embassy branch exists: remotes/origin/embassy
[2026-03-23T06:11:55.444385] ✓ Check completed at 2026-03-23T06:11:54.544374
[2026-03-23T06:11:55.444445] 状态已保存，等待下一次检查...
[2026-03-23T07:11:54.237357] === Embassy Monitor Check ===
[2026-03-23T07:11:54.243411] ✅ Embassy branch exists: remotes/origin/embassy
[2026-03-23T07:11:55.453319] Fetch result: From https://github.com/waiting-to-sprout/ai-with-heart
   543e227..3d247ee  master     -> origin/master
[2026-03-23T07:11:55.453575] ✓ Check completed at 2026-03-23T07:11:54.237506
[2026-03-23T07:11:55.453612] 状态已保存，等待下一次检查...
[2026-03-23T08:11:54.446782] === Embassy Monitor Check ===
[2026-03-23T08:11:54.453050] ✅ Embassy branch exists: * embassy
  remotes/gitee/embassy
  remotes/origin/embassy
[2026-03-23T08:11:55.337038] ✓ Check completed at 2026-03-23T08:11:54.446948
[2026-03-23T08:11:55.337107] 状态已保存，等待下一次检查...
[2026-03-23T09:11:54.794985] === Embassy Monitor Check ===
[2026-03-23T09:11:54.803843] ✅ Embassy branch exists: * embassy
  remotes/gitee/embassy
  remotes/origin/embassy
[2026-03-23T09:11:57.916168] ✓ Check completed at 2026-03-23T09:11:54.795132
[2026-03-23T09:11:57.916236] 状态已保存，等待下一次检查...
[2026-03-23T10:11:53.494872] === Embassy Monitor Check ===
[2026-03-23T10:11:53.508384] ✅ Embassy branch exists: * embassy
  remotes/gitee/embassy
  remotes/origin/embassy
[2026-03-23T10:11:54.423419] ✓ Check completed at 2026-03-23T10:11:53.495028
[2026-03-23T10:11:54.423472] 状态已保存，等待下一次检查...
[2026-03-23T11:11:55.793756] === Embassy Monitor Check ===
[2026-03-23T11:11:55.799761] ✅ Embassy branch exists: * embassy
  remotes/gitee/embassy
  remotes/origin/embassy
[2026-03-23T11:11:57.923249] Fetch result: From https://github.com/waiting-to-sprout/ai-with-heart
   3d247ee..526871d  master     -> origin/master
[2026-03-23T11:11:57.923510] ✓ Check completed at 2026-03-23T11:11:55.793905
[2026-03-23T11:11:57.923548] 状态已保存，等待下一次检查...
[2026-03-23T12:11:53.722828] === Embassy Monitor Check ===
[2026-03-23T12:11:53.754248] ✅ Embassy branch exists: * embassy
  remotes/gitee/embassy
  remotes/origin/embassy
[2026-03-23T12:11:54.662402] ✓ Check completed at 2026-03-23T12:11:53.723082
[2026-03-23T12:11:54.662465] 状态已保存，等待下一次检查...
[2026-03-23T13:11:54.673391] === Embassy Monitor Check ===
[2026-03-23T13:11:54.679681] ✅ Embassy branch exists: * embassy
  remotes/gitee/embassy
  remotes/origin/embassy
[2026-03-23T13:11:55.915230] Fetch result: From https://github.com/waiting-to-sprout/ai-with-heart
   526871d..282ada8  master     -> origin/master
[2026-03-23T13:11:55.915518] ✓ Check completed at 2026-03-23T13:11:54.673597
[2026-03-23T13:11:55.915557] 状态已保存，等待下一次检查...
[2026-03-23T14:11:54.347778] === Embassy Monitor Check ===
[2026-03-23T14:11:54.353948] ✅ Embassy branch exists: * embassy
  remotes/gitee/embassy
  remotes/origin/embassy
[2026-03-23T14:11:55.248788] ✓ Check completed at 2026-03-23T14:11:54.347945
[2026-03-23T14:11:55.248868] 状态已保存，等待下一次检查...
[2026-03-23T15:11:53.623574] === Embassy Monitor Check ===
[2026-03-23T15:11:53.629730] ✅ Embassy branch exists: * embassy
  remotes/gitee/embassy
  remotes/origin/embassy
[2026-03-23T15:11:54.842962] Fetch result: From https://github.com/waiting-to-sprout/ai-with-heart
   282ada8..3ab1ba5  master     -> origin/master
[2026-03-23T15:11:54.843242] ✓ Check completed at 2026-03-23T15:11:53.623727
[2026-03-23T15:11:54.843281] 状态已保存，等待下一次检查...
[2026-03-23T16:11:54.923320] === Embassy Monitor Check ===
[2026-03-23T16:11:54.929348] ✅ Embassy branch exists: * embassy
  remotes/gitee/embassy
  remotes/origin/embassy
[2026-03-23T16:11:55.824069] ✓ Check completed at 2026-03-23T16:11:54.923466
[2026-03-23T16:11:55.824139] 状态已保存，等待下一次检查...
[2026-03-23T17:11:53.911455] === Embassy Monitor Check ===
[2026-03-23T17:11:53.917564] ✅ Embassy branch exists: * embassy
  remotes/gitee/embassy
  remotes/origin/embassy
[2026-03-23T17:11:55.139559] Fetch result: From https://github.com/waiting-to-sprout/ai-with-heart
   3ab1ba5..da9c0af  master     -> origin/master
[2026-03-23T17:11:55.139817] ✓ Check completed at 2026-03-23T17:11:53.911624
[2026-03-23T17:11:55.139854] 状态已保存，等待下一次检查...
[2026-03-23T18:11:54.107137] === Embassy Monitor Check ===
[2026-03-23T18:11:54.113460] ✅ Embassy branch exists: * embassy
  remotes/gitee/embassy
  remotes/origin/embassy
[2026-03-23T18:11:55.024048] ✓ Check completed at 2026-03-23T18:11:54.107298
[2026-03-23T18:11:55.024111] 状态已保存，等待下一次检查...
[2026-03-23T19:11:56.744309] === Embassy Monitor Check ===
[2026-03-23T19:11:56.750283] ✅ Embassy branch exists: * embassy
  remotes/gitee/embassy
  remotes/origin/embassy
[2026-03-23T19:11:57.982406] Fetch result: From https://github.com/waiting-to-sprout/ai-with-heart
   da9c0af..ac6a598  master     -> origin/master
[2026-03-23T19:11:57.982655] ✓ Check completed at 2026-03-23T19:11:56.744459
[2026-03-23T19:11:57.982693] 状态已保存，等待下一次检查...
[2026-03-23T20:11:56.323254] === Embassy Monitor Check ===
[2026-03-23T20:11:56.329232] ✅ Embassy branch exists: * embassy
  remotes/gitee/embassy
  remotes/origin/embassy
[2026-03-23T20:11:57.247284] ✓ Check completed at 2026-03-23T20:11:56.323405
[2026-03-23T20:11:57.247336] 状态已保存，等待下一次检查...
[2026-03-23T21:13:03.151505] === Embassy Monitor Check ===
[2026-03-23T21:13:03.157552] ✅ Embassy branch exists: * embassy
  remotes/gitee/embassy
  remotes/origin/embassy
[2026-03-23T21:13:04.096378] ✓ Check completed at 2026-03-23T21:13:03.151658
[2026-03-23T21:13:04.096431] 状态已保存，等待下一次检查...
[2026-03-23T22:11:54.099897] === Embassy Monitor Check ===
[2026-03-23T22:11:54.105972] ✅ Embassy branch exists: * embassy
  remotes/gitee/embassy
  remotes/origin/embassy
[2026-03-23T22:11:54.982570] ✓ Check completed at 2026-03-23T22:11:54.100052
[2026-03-23T22:11:54.982624] 状态已保存，等待下一次检查...
[2026-03-23T23:11:56.004024] === Embassy Monitor Check ===
[2026-03-23T23:11:56.010192] ✅ Embassy branch exists: * embassy
  remotes/gitee/embassy
  remotes/origin/embassy
[2026-03-23T23:11:56.915520] ✓ Check completed at 2026-03-23T23:11:56.004172
[2026-03-23T23:11:56.915574] 状态已保存，等待下一次检查...
[2026-03-24T00:11:54.071119] === Embassy Monitor Check ===
[2026-03-24T00:11:54.077323] ✅ Embassy branch exists: * embassy
  remotes/gitee/embassy
  remotes/origin/embassy
[2026-03-24T00:11:54.979658] ✓ Check completed at 2026-03-24T00:11:54.071290
[2026-03-24T00:11:54.979711] 状态已保存，等待下一次检查...
