[2026-03-22T08:37:17+08:00] === Offline Daemon v1.0 Started ===
[2026-03-22T08:37:17+08:00] 监控间隔：60秒
[2026-03-22T08:37:17+08:00] 源仓库：/home/admin/openclaw/workspace/ai-nation
[2026-03-22T08:37:17+08:00] 缓存目录：/home/admin/openclaw/workspace/temp/offline-cache
[2026-03-22T08:37:17+08:00] 🌐 网络状态：ONLINE
[2026-03-22T08:37:17+08:00] 🌐 检测到网络恢复，启动自动重连...
[2026-03-22T08:37:17+08:00] 📤 尝试推送到远程...
[2026-03-22T08:37:18+08:00] ❌ 推送失败 - 凭证或网络问题
[2026-03-22T08:38:18+08:00] 🌐 网络状态：ONLINE
[2026-03-22T08:38:18+08:00] 🌐 检测到网络恢复，启动自动重连...
[2026-03-22T08:38:18+08:00] 📤 尝试推送到远程...
[2026-03-22T08:38:19+08:00] ❌ 推送失败 - 凭证或网络问题
[2026-03-22T08:39:19+08:00] 🌐 网络状态：ONLINE
[2026-03-22T08:39:19+08:00] 🌐 检测到网络恢复，启动自动重连...
[2026-03-22T08:39:19+08:00] 📤 尝试推送到远程...
[2026-03-22T08:39:20+08:00] ❌ 推送失败 - 凭证或网络问题
[2026-03-22T08:40:20+08:00] 🌐 网络状态：ONLINE
[2026-03-22T08:40:20+08:00] 🌐 检测到网络恢复，启动自动重连...
[2026-03-22T08:40:20+08:00] 📤 尝试推送到远程...
[2026-03-22T08:40:21+08:00] ❌ 推送失败 - 凭证或网络问题
[2026-03-22T08:41:21+08:00] 🌐 网络状态：ONLINE
[2026-03-22T08:41:21+08:00] 🌐 检测到网络恢复，启动自动重连...
[2026-03-22T08:41:21+08:00] 📤 尝试推送到远程...
[2026-03-22T08:41:22+08:00] ❌ 推送失败 - 凭证或网络问题
[2026-03-22T08:42:22+08:00] 🌐 网络状态：ONLINE
[2026-03-22T08:42:22+08:00] 🌐 检测到网络恢复，启动自动重连...
[2026-03-22T08:42:22+08:00] 📤 尝试推送到远程...
[2026-03-22T08:42:23+08:00] ❌ 推送失败 - 凭证或网络问题
[2026-03-22T08:43:23+08:00] 🌐 网络状态：ONLINE
[2026-03-22T08:43:23+08:00] 🌐 检测到网络恢复，启动自动重连...
[2026-03-22T08:43:23+08:00] 📤 尝试推送到远程...
[2026-03-22T08:43:24+08:00] ❌ 推送失败 - 凭证或网络问题
[2026-03-22T08:44:24+08:00] 🌐 网络状态：ONLINE
[2026-03-22T08:44:24+08:00] 🌐 检测到网络恢复，启动自动重连...
[2026-03-22T08:44:24+08:00] 📤 尝试推送到远程...
[2026-03-22T08:44:25+08:00] ❌ 推送失败 - 凭证或网络问题
[2026-03-22T08:45:25+08:00] 🌐 网络状态：ONLINE
[2026-03-22T08:45:25+08:00] 🌐 检测到网络恢复，启动自动重连...
[2026-03-22T08:45:25+08:00] 📤 尝试推送到远程...
[2026-03-22T08:45:26+08:00] ❌ 推送失败 - 凭证或网络问题
[2026-03-22T08:46:26+08:00] 🌐 网络状态：ONLINE
[2026-03-22T08:46:26+08:00] 🌐 检测到网络恢复，启动自动重连...
[2026-03-22T08:46:26+08:00] 📤 尝试推送到远程...
[2026-03-22T08:46:27+08:00] ❌ 推送失败 - 凭证或网络问题
[2026-03-22T08:47:27+08:00] 🌐 网络状态：ONLINE
[2026-03-22T08:47:27+08:00] 🌐 检测到网络恢复，启动自动重连...
[2026-03-22T08:47:27+08:00] 📤 尝试推送到远程...
[2026-03-22T08:47:28+08:00] ❌ 推送失败 - 凭证或网络问题
[2026-03-22T08:48:28+08:00] 🌐 网络状态：ONLINE
[2026-03-22T08:48:28+08:00] 🌐 检测到网络恢复，启动自动重连...
[2026-03-22T08:48:28+08:00] 📤 尝试推送到远程...
[2026-03-22T08:48:29+08:00] ❌ 推送失败 - 凭证或网络问题
[2026-03-22T08:49:29+08:00] 🌐 网络状态：ONLINE
[2026-03-22T08:49:29+08:00] 🌐 检测到网络恢复，启动自动重连...
[2026-03-22T08:49:29+08:00] 📤 尝试推送到远程...
[2026-03-22T08:49:30+08:00] ❌ 推送失败 - 凭证或网络问题
[2026-03-22T08:50:30+08:00] 🌐 网络状态：ONLINE
[2026-03-22T08:50:30+08:00] 🌐 检测到网络恢复，启动自动重连...
[2026-03-22T08:50:30+08:00] 📤 尝试推送到远程...
[2026-03-22T08:50:31+08:00] ❌ 推送失败 - 凭证或网络问题
[2026-03-22T08:51:31+08:00] 🌐 网络状态：ONLINE
[2026-03-22T08:51:31+08:00] 🌐 检测到网络恢复，启动自动重连...
[2026-03-22T08:51:31+08:00] 📤 尝试推送到远程...
[2026-03-22T08:51:32+08:00] ❌ 推送失败 - 凭证或网络问题
[2026-03-22T08:52:32+08:00] 🌐 网络状态：ONLINE
[2026-03-22T08:52:32+08:00] 🌐 检测到网络恢复，启动自动重连...
[2026-03-22T08:52:32+08:00] 📤 尝试推送到远程...
[2026-03-22T08:52:33+08:00] ❌ 推送失败 - 凭证或网络问题
[2026-03-22T08:53:33+08:00] 🌐 网络状态：ONLINE
[2026-03-22T08:53:33+08:00] 🌐 检测到网络恢复，启动自动重连...
[2026-03-22T08:53:33+08:00] 📤 尝试推送到远程...
[2026-03-22T08:53:34+08:00] ❌ 推送失败 - 凭证或网络问题
[2026-03-22T08:54:34+08:00] 🌐 网络状态：ONLINE
[2026-03-22T08:54:34+08:00] 🌐 检测到网络恢复，启动自动重连...
[2026-03-22T08:54:34+08:00] 📤 尝试推送到远程...
[2026-03-22T08:54:35+08:00] ❌ 推送失败 - 凭证或网络问题
[2026-03-22T08:55:35+08:00] 🌐 网络状态：ONLINE
[2026-03-22T08:55:35+08:00] 🌐 检测到网络恢复，启动自动重连...
[2026-03-22T08:55:35+08:00] 📤 尝试推送到远程...
[2026-03-22T08:55:36+08:00] ❌ 推送失败 - 凭证或网络问题
[2026-03-22T08:56:36+08:00] 🌐 网络状态：ONLINE
[2026-03-22T08:56:36+08:00] 🌐 检测到网络恢复，启动自动重连...
[2026-03-22T08:56:36+08:00] 📤 尝试推送到远程...
[2026-03-22T08:56:37+08:00] ❌ 推送失败 - 凭证或网络问题
[2026-03-22T08:57:37+08:00] 🌐 网络状态：ONLINE
[2026-03-22T08:57:37+08:00] 🌐 检测到网络恢复，启动自动重连...
[2026-03-22T08:57:37+08:00] 📤 尝试推送到远程...
[2026-03-22T08:57:37+08:00] ❌ 推送失败 - 凭证或网络问题
[2026-03-22T08:58:38+08:00] 🌐 网络状态：ONLINE
[2026-03-22T08:58:38+08:00] 🌐 检测到网络恢复，启动自动重连...
[2026-03-22T08:58:38+08:00] 📤 尝试推送到远程...
[2026-03-22T08:58:38+08:00] ❌ 推送失败 - 凭证或网络问题
[2026-03-22T08:59:39+08:00] 🌐 网络状态：ONLINE
[2026-03-22T08:59:39+08:00] 🌐 检测到网络恢复，启动自动重连...
[2026-03-22T08:59:39+08:00] 📤 尝试推送到远程...
[2026-03-22T08:59:39+08:00] ❌ 推送失败 - 凭证或网络问题
[2026-03-22T09:00:39+08:00] 🌐 网络状态：ONLINE
[2026-03-22T09:00:39+08:00] 🌐 检测到网络恢复，启动自动重连...
[2026-03-22T09:00:39+08:00] 📤 尝试推送到远程...
[2026-03-22T09:00:40+08:00] ❌ 推送失败 - 凭证或网络问题
[2026-03-22T09:01:40+08:00] 🌐 网络状态：ONLINE
[2026-03-22T09:01:40+08:00] 🌐 检测到网络恢复，启动自动重连...
[2026-03-22T09:01:40+08:00] 📤 尝试推送到远程...
[2026-03-22T09:01:41+08:00] ❌ 推送失败 - 凭证或网络问题
[2026-03-22T09:02:41+08:00] 🌐 网络状态：ONLINE
[2026-03-22T09:02:41+08:00] 🌐 检测到网络恢复，启动自动重连...
[2026-03-22T09:02:41+08:00] 📤 尝试推送到远程...
[2026-03-22T09:02:42+08:00] ❌ 推送失败 - 凭证或网络问题
[2026-03-22T09:03:42+08:00] 🌐 网络状态：ONLINE
[2026-03-22T09:03:42+08:00] 🌐 检测到网络恢复，启动自动重连...
[2026-03-22T09:03:42+08:00] 📤 尝试推送到远程...
[2026-03-22T09:03:43+08:00] ❌ 推送失败 - 凭证或网络问题
[2026-03-22T09:04:43+08:00] 🌐 网络状态：ONLINE
[2026-03-22T09:04:43+08:00] 🌐 检测到网络恢复，启动自动重连...
[2026-03-22T09:04:43+08:00] 📤 尝试推送到远程...
[2026-03-22T09:04:44+08:00] ❌ 推送失败 - 凭证或网络问题
[2026-03-22T09:05:44+08:00] 🌐 网络状态：ONLINE
[2026-03-22T09:05:44+08:00] 🌐 检测到网络恢复，启动自动重连...
[2026-03-22T09:05:44+08:00] 📤 尝试推送到远程...
[2026-03-22T09:05:45+08:00] ❌ 推送失败 - 凭证或网络问题
[2026-03-22T09:06:45+08:00] 🌐 网络状态：ONLINE
[2026-03-22T09:06:45+08:00] 🌐 检测到网络恢复，启动自动重连...
[2026-03-22T09:06:45+08:00] 📤 尝试推送到远程...
[2026-03-22T09:06:46+08:00] ❌ 推送失败 - 凭证或网络问题
