[2026-03-22T19:12:06+08:00] === SSH Bridge Setup v2.0 (异步监听版) 启动 ===
[2026-03-22T19:12:06+08:00] 
[2026-03-22T19:12:06+08:00] 【步骤 1】SSH 密钥检查...
[2026-03-22T19:12:06+08:00] ✅ SSH 密钥已存在，跳过生成
[2026-03-22T19:12:06+08:00] 公钥指纹：SHA256:4T+UGQlb0ZA+GqjsVjCZSepI5aKdKxhuFE1YtiTYYNg
[2026-03-22T19:12:06+08:00] 
[2026-03-22T19:12:06+08:00] 【步骤 2】GitHub SSH 公钥配置...
[2026-03-22T19:12:06+08:00] ⚠️ API 上传失败，进入监听模式...
[2026-03-22T19:12:06+08:00] 📋 用户指令已生成：/home/admin/openclaw/workspace/temp/github-ssh-instruction.md
[2026-03-22T19:12:06+08:00] 👂 启动后台监听...
[2026-03-22T19:12:06+08:00] 👂 进入监听模式：github (最多 180 次尝试)
[2026-03-22T19:12:06+08:00] ✅ 监听进程已启动 (PID: 216072)
[2026-03-22T19:12:06+08:00] 📬 用户现在可以离开，系统会自动完成剩余步骤
[2026-03-22T19:12:06+08:00] 📊 监听状态：cat /home/admin/openclaw/workspace/temp/ssh-bridge-state.json
[2026-03-22T19:12:06+08:00] 
[2026-03-22T19:12:06+08:00] 【步骤 3】Gitee SSH 状态检查...
[2026-03-22T19:12:07+08:00] ⚠️ Gitee SSH 未连接，进入监听...
[2026-03-22T19:12:07+08:00] 
[2026-03-22T19:12:07+08:00] 👂 进入监听模式：gitee (最多 180 次尝试)
[2026-03-22T19:12:07+08:00] 【步骤 4】SSH Config 配置...
[2026-03-22T19:12:07+08:00] ✅ SSH Config 已配置
[2026-03-22T19:12:07+08:00] 
[2026-03-22T19:12:07+08:00] 【步骤 5】备份脚本 SSH Native 配置...
[2026-03-22T19:12:07+08:00] ✅ GitHub backup script 已配置为 SSH Native
[2026-03-22T19:12:07+08:00] ✅ Gitee backup script 已配置为 SSH Native
[2026-03-22T19:12:07+08:00] 
[2026-03-22T19:12:07+08:00] === SSH Bridge Setup v2.0 完成 ===
[2026-03-22T19:12:07+08:00] 
[2026-03-22T19:12:07+08:00] 📊 状态总结:
[2026-03-22T19:12:07+08:00]   SSH 密钥：/home/admin/.ssh/id_ed25519_backup
[2026-03-22T19:12:07+08:00]   SSH Config: ~/.ssh/config
[2026-03-22T19:12:07+08:00]   监听状态：后台运行中
[2026-03-22T19:12:07+08:00] 
[2026-03-22T19:12:07+08:00] 📁 关键文件:
[2026-03-22T19:12:07+08:00]   用户指令：/home/admin/openclaw/workspace/temp/github-ssh-instruction.md
[2026-03-22T19:12:07+08:00]   监听状态：/home/admin/openclaw/workspace/temp/ssh-bridge-state.json
[2026-03-22T19:12:07+08:00]   完成通知：/home/admin/openclaw/workspace/temp/ssh-bridge-complete.md (完成后生成)
[2026-03-22T19:12:07+08:00] 
[2026-03-22T19:12:07+08:00] 🦞 系统已进入异步监听模式，用户可离开做其他事情。
[2026-03-22T19:12:07+08:00]    检测到 SSH 配置完成后，系统会自动继续并完成所有步骤。
[2026-03-22T19:13:46+08:00] ⏳ 监听中... (10/180)
[2026-03-22T19:13:52+08:00] ⏳ 监听中... (10/180)
[2026-03-22T19:15:27+08:00] ⏳ 监听中... (20/180)
[2026-03-22T19:15:37+08:00] ⏳ 监听中... (20/180)
[2026-03-22T19:17:07+08:00] ⏳ 监听中... (30/180)
[2026-03-22T19:17:22+08:00] ⏳ 监听中... (30/180)
[2026-03-22T19:18:47+08:00] ⏳ 监听中... (40/180)
[2026-03-22T19:19:08+08:00] ⏳ 监听中... (40/180)
[2026-03-22T19:20:28+08:00] ⏳ 监听中... (50/180)
[2026-03-22T19:20:53+08:00] ⏳ 监听中... (50/180)
[2026-03-22T19:22:08+08:00] ⏳ 监听中... (60/180)
[2026-03-22T19:22:39+08:00] ⏳ 监听中... (60/180)
[2026-03-22T19:23:48+08:00] ⏳ 监听中... (70/180)
[2026-03-22T19:24:24+08:00] ⏳ 监听中... (70/180)
[2026-03-22T19:25:28+08:00] ⏳ 监听中... (80/180)
[2026-03-22T19:26:10+08:00] ⏳ 监听中... (80/180)
[2026-03-22T19:27:09+08:00] ⏳ 监听中... (90/180)
[2026-03-22T19:27:55+08:00] ⏳ 监听中... (90/180)
[2026-03-22T19:28:49+08:00] ⏳ 监听中... (100/180)
[2026-03-22T19:29:41+08:00] ⏳ 监听中... (100/180)
[2026-03-22T19:30:29+08:00] ⏳ 监听中... (110/180)
[2026-03-22T19:31:26+08:00] ⏳ 监听中... (110/180)
[2026-03-22T19:32:09+08:00] ⏳ 监听中... (120/180)
[2026-03-22T19:33:50+08:00] ⏳ 监听中... (130/180)
[2026-03-22T19:35:30+08:00] ⏳ 监听中... (140/180)
[2026-03-22T19:37:10+08:00] ⏳ 监听中... (150/180)
[2026-03-22T19:38:50+08:00] ⏳ 监听中... (160/180)
[2026-03-22T19:40:30+08:00] ⏳ 监听中... (170/180)
